Build started 15-Oct-14 5:17:27 PM.
     1>Project "C:\OpenCV-VTK\build\roughBoard.vcxproj" on node 2 (build target(s)).
     1>InitializeBuildStatus:
         Creating "roughBoard.dir\Debug\roughBoard.unsuccessfulbuild" because "AlwaysCreate" was specified.
       CustomBuild:
         All outputs are up-to-date.
       ClCompile:
         C:\Program Files (x86)\Microsoft Visual Studio 10.0\VC\bin\CL.exe /c /I"C:\OpenCV\OpenCV-Install\opencv\build\include" /I"C:\VTK\VTK-install\include\vtk-5.10" /Zi /nologo /W3 /WX- /Od /Ob0 /Oy- /D WIN32 /D _WINDOWS /D _DEBUG /D "CMAKE_INTDIR=\"Debug\"" /D _MBCS /Gm- /EHsc /RTC1 /MDd /GS /fp:precise /Zc:wchar_t /Zc:forScope /GR /Fo"roughBoard.dir\Debug\\" /Fd"roughBoard.dir\Debug\vc100.pdb" /Gd /TP /analyze- /errorReport:prompt ..\roughBoard.cxx
         roughBoard.cxx
       ManifestResourceCompile:
         All outputs are up-to-date.
       Link:
         C:\Program Files (x86)\Microsoft Visual Studio 10.0\VC\bin\link.exe /ERRORREPORT:PROMPT /OUT:"C:\OpenCV-VTK\build\Debug\roughBoard.exe" /INCREMENTAL /NOLOGO /LIBPATH:"C:\OpenCV\OpenCV-Install\opencv\build\x86\vc10\lib" kernel32.lib user32.lib gdi32.lib winspool.lib shell32.lib ole32.lib oleaut32.lib uuid.lib comdlg32.lib advapi32.lib "C:\VTK\VTK-install\lib\vtk-5.10\vtkCommon.lib" "C:\VTK\VTK-install\lib\vtk-5.10\vtkFiltering.lib" "C:\VTK\VTK-install\lib\vtk-5.10\vtkImaging.lib" "C:\VTK\VTK-install\lib\vtk-5.10\vtkGraphics.lib" "C:\VTK\VTK-install\lib\vtk-5.10\vtkGenericFiltering.lib" "C:\VTK\VTK-install\lib\vtk-5.10\vtkIO.lib" "C:\VTK\VTK-install\lib\vtk-5.10\vtkRendering.lib" "C:\VTK\VTK-install\lib\vtk-5.10\vtkVolumeRendering.lib" "C:\VTK\VTK-install\lib\vtk-5.10\vtkHybrid.lib" "C:\VTK\VTK-install\lib\vtk-5.10\vtkWidgets.lib" "C:\VTK\VTK-install\lib\vtk-5.10\vtkInfovis.lib" "C:\VTK\VTK-install\lib\vtk-5.10\vtkGeovis.lib" "C:\VTK\VTK-install\lib\vtk-5.10\vtkViews.lib" "C:\VTK\VTK-install\lib\vtk-5.10\vtkCharts.lib" "C:\VTK\VTK-install\lib\vtk-5.10\vtksys.lib" ws2_32.lib opencv_calib3d249d.lib opencv_contrib249d.lib opencv_core249d.lib opencv_features2d249d.lib opencv_flann249d.lib opencv_gpu249d.lib opencv_highgui249d.lib opencv_imgproc249d.lib opencv_legacy249d.lib opencv_ml249d.lib opencv_nonfree249d.lib opencv_objdetect249d.lib opencv_photo249d.lib opencv_stitching249d.lib opencv_ts249d.lib opencv_video249d.lib opencv_videostab249d.lib /MANIFEST /ManifestFile:"roughBoard.dir\Debug\roughBoard.exe.intermediate.manifest" /MANIFESTUAC:"level='asInvoker' uiAccess='false'" /DEBUG /PDB:"C:/OpenCV-VTK/build/Debug/roughBoard.pdb" /SUBSYSTEM:CONSOLE /TLBID:1 /DYNAMICBASE /NXCOMPAT /IMPLIB:"C:/OpenCV-VTK/build/Debug/roughBoard.lib" /MACHINE:X86 roughBoard.dir\Debug\roughBoard.exe.embed.manifest.res
         roughBoard.dir\Debug\roughBoard.obj  /machine:X86 /debug 
       Manifest:
         C:\Program Files (x86)\Microsoft SDKs\Windows\v7.0A\bin\mt.exe /nologo /verbose /out:"roughBoard.dir\Debug\roughBoard.exe.embed.manifest" /manifest roughBoard.dir\Debug\roughBoard.exe.intermediate.manifest
         All outputs are up-to-date.
       LinkEmbedManifest:
         All outputs are up-to-date.
         roughBoard.vcxproj -> C:\OpenCV-VTK\build\Debug\roughBoard.exe
       FinalizeBuildStatus:
         Deleting file "roughBoard.dir\Debug\roughBoard.unsuccessfulbuild".
         Touching "roughBoard.dir\Debug\roughBoard.lastbuildstate".
     1>Done Building Project "C:\OpenCV-VTK\build\roughBoard.vcxproj" (build target(s)).

Build succeeded.

Time Elapsed 00:00:01.09
